<?xml version="1.0" encoding="UTF-8"?>
<testsuite xmlns:xsi="http://www.w3.org/2001/XMLSchema-instance" xsi:noNamespaceSchemaLocation="https://maven.apache.org/surefire/maven-surefire-plugin/xsd/surefire-test-report.xsd" version="3.0.2" name="com.arquitecturajava.webspring.test.PersonaTest" time="0.183" tests="5" errors="0" skipped="0" failures="0">
  <properties>
[...]
</properties>
  <testcase name="mayorEdadTest2" classname="com.arquitecturajava.webspring.test.PersonaTest" time="0.068"/>
  <testcase name="mayorEdadTest3" classname="com.arquitecturajava.webspring.test.PersonaTest" time="0.002"/>
  <testcase name="mayorEdadTest4" classname="com.arquitecturajava.webspring.test.PersonaTest" time="0.004"/>
  <testcase name="mayorEdadTest5" classname="com.arquitecturajava.webspring.test.PersonaTest" time="0.003"/>
  <testcase name="mayorEdadTest" classname="com.arquitecturajava.webspring.test.PersonaTest" time="0.007"/>
</testsuite>